<?xml version="1.0" encoding="UTF-8"?>
<testsuite xmlns:xsi="http://www.w3.org/2001/XMLSchema-instance" xsi:noNamespaceSchemaLocation="https://maven.apache.org/surefire/maven-surefire-plugin/xsd/surefire-test-report.xsd" name="CalcTest.SubsLauncherTest" time="0.012" tests="4" errors="0" skipped="0" failures="0">
  <properties>
    <property name="sun.desktop" value="windows"/>
    <property name="awt.toolkit" value="sun.awt.windows.WToolkit"/>
    <property name="file.encoding.pkg" value="sun.io"/>
    <property name="java.specification.version" value="1.8"/>
    <property name="sun.cpu.isalist" value="amd64"/>
    <property name="sun.jnu.encoding" value="Cp1251"/>
    <property name="java.class.path" value="H:\Projects\OPCBot_M\target\test-classes;H:\Projects\OPCBot_M\target\classes;C:\Users\tmfpr\.m2\repository\org\telegram\telegrambots\3.5\telegrambots-3.5.jar;C:\Users\tmfpr\.m2\repository\org\telegram\telegrambots-meta\3.5\telegrambots-meta-3.5.jar;C:\Users\tmfpr\.m2\repository\com\google\inject\guice\4.1.0\guice-4.1.0.jar;C:\Users\tmfpr\.m2\repository\javax\inject\javax.inject\1\javax.inject-1.jar;C:\Users\tmfpr\.m2\repository\aopalliance\aopalliance\1.0\aopalliance-1.0.jar;C:\Users\tmfpr\.m2\repository\com\google\guava\guava\19.0\guava-19.0.jar;C:\Users\tmfpr\.m2\repository\com\fasterxml\jackson\core\jackson-annotations\2.8.0\jackson-annotations-2.8.0.jar;C:\Users\tmfpr\.m2\repository\com\fasterxml\jackson\jaxrs\jackson-jaxrs-json-provider\2.8.7\jackson-jaxrs-json-provider-2.8.7.jar;C:\Users\tmfpr\.m2\repository\com\fasterxml\jackson\jaxrs\jackson-jaxrs-base\2.8.7\jackson-jaxrs-base-2.8.7.jar;C:\Users\tmfpr\.m2\repository\com\fasterxml\jackson\core\jackson-core\2.8.7\jackson-core-2.8.7.jar;C:\Users\tmfpr\.m2\repository\com\fasterxml\jackson\module\jackson-module-jaxb-annotations\2.8.7\jackson-module-jaxb-annotations-2.8.7.jar;C:\Users\tmfpr\.m2\repository\com\fasterxml\jackson\core\jackson-databind\2.8.7\jackson-databind-2.8.7.jar;C:\Users\tmfpr\.m2\repository\org\glassfish\jersey\media\jersey-media-json-jackson\2.25.1\jersey-media-json-jackson-2.25.1.jar;C:\Users\tmfpr\.m2\repository\org\glassfish\jersey\core\jersey-common\2.25.1\jersey-common-2.25.1.jar;C:\Users\tmfpr\.m2\repository\org\glassfish\jersey\bundles\repackaged\jersey-guava\2.25.1\jersey-guava-2.25.1.jar;C:\Users\tmfpr\.m2\repository\org\glassfish\hk2\osgi-resource-locator\1.0.1\osgi-resource-locator-1.0.1.jar;C:\Users\tmfpr\.m2\repository\org\glassfish\jersey\ext\jersey-entity-filtering\2.25.1\jersey-entity-filtering-2.25.1.jar;C:\Users\tmfpr\.m2\repository\org\glassfish\jersey\containers\jersey-container-grizzly2-http\2.25.1\jersey-container-grizzly2-http-2.25.1.jar;C:\Users\tmfpr\.m2\repository\org\glassfish\hk2\external\javax.inject\2.5.0-b32\javax.inject-2.5.0-b32.jar;C:\Users\tmfpr\.m2\repository\org\glassfish\grizzly\grizzly-http-server\2.3.28\grizzly-http-server-2.3.28.jar;C:\Users\tmfpr\.m2\repository\org\glassfish\grizzly\grizzly-http\2.3.28\grizzly-http-2.3.28.jar;C:\Users\tmfpr\.m2\repository\org\glassfish\grizzly\grizzly-framework\2.3.28\grizzly-framework-2.3.28.jar;C:\Users\tmfpr\.m2\repository\javax\ws\rs\javax.ws.rs-api\2.0.1\javax.ws.rs-api-2.0.1.jar;C:\Users\tmfpr\.m2\repository\org\glassfish\jersey\core\jersey-server\2.25.1\jersey-server-2.25.1.jar;C:\Users\tmfpr\.m2\repository\org\glassfish\jersey\core\jersey-client\2.25.1\jersey-client-2.25.1.jar;C:\Users\tmfpr\.m2\repository\org\glassfish\jersey\media\jersey-media-jaxb\2.25.1\jersey-media-jaxb-2.25.1.jar;C:\Users\tmfpr\.m2\repository\javax\annotation\javax.annotation-api\1.2\javax.annotation-api-1.2.jar;C:\Users\tmfpr\.m2\repository\org\glassfish\hk2\hk2-api\2.5.0-b32\hk2-api-2.5.0-b32.jar;C:\Users\tmfpr\.m2\repository\org\glassfish\hk2\hk2-utils\2.5.0-b32\hk2-utils-2.5.0-b32.jar;C:\Users\tmfpr\.m2\repository\org\glassfish\hk2\external\aopalliance-repackaged\2.5.0-b32\aopalliance-repackaged-2.5.0-b32.jar;C:\Users\tmfpr\.m2\repository\org\glassfish\hk2\hk2-locator\2.5.0-b32\hk2-locator-2.5.0-b32.jar;C:\Users\tmfpr\.m2\repository\org\javassist\javassist\3.20.0-GA\javassist-3.20.0-GA.jar;C:\Users\tmfpr\.m2\repository\javax\validation\validation-api\1.1.0.Final\validation-api-1.1.0.Final.jar;C:\Users\tmfpr\.m2\repository\org\json\json\20160810\json-20160810.jar;C:\Users\tmfpr\.m2\repository\org\apache\httpcomponents\httpclient\4.5.3\httpclient-4.5.3.jar;C:\Users\tmfpr\.m2\repository\org\apache\httpcomponents\httpcore\4.4.6\httpcore-4.4.6.jar;C:\Users\tmfpr\.m2\repository\commons-logging\commons-logging\1.2\commons-logging-1.2.jar;C:\Users\tmfpr\.m2\repository\commons-codec\commons-codec\1.9\commons-codec-1.9.jar;C:\Users\tmfpr\.m2\repository\org\apache\httpcomponents\httpmime\4.5.3\httpmime-4.5.3.jar;C:\Users\tmfpr\.m2\repository\commons-io\commons-io\2.5\commons-io-2.5.jar;C:\Users\tmfpr\.m2\repository\org\jsoup\jsoup\1.10.2\jsoup-1.10.2.jar;C:\Users\tmfpr\.m2\repository\org\postgresql\postgresql\42.2.5\postgresql-42.2.5.jar;C:\Users\tmfpr\.m2\repository\org\junit\platform\junit-platform-launcher\1.4.2\junit-platform-launcher-1.4.2.jar;C:\Users\tmfpr\.m2\repository\org\apiguardian\apiguardian-api\1.0.0\apiguardian-api-1.0.0.jar;C:\Users\tmfpr\.m2\repository\org\junit\platform\junit-platform-engine\1.4.2\junit-platform-engine-1.4.2.jar;C:\Users\tmfpr\.m2\repository\org\opentest4j\opentest4j\1.1.1\opentest4j-1.1.1.jar;C:\Users\tmfpr\.m2\repository\org\junit\platform\junit-platform-commons\1.4.2\junit-platform-commons-1.4.2.jar;C:\Users\tmfpr\.m2\repository\org\junit\jupiter\junit-jupiter-engine\5.4.2\junit-jupiter-engine-5.4.2.jar;C:\Users\tmfpr\.m2\repository\org\junit\jupiter\junit-jupiter-api\5.4.2\junit-jupiter-api-5.4.2.jar;C:\Users\tmfpr\.m2\repository\org\junit\vintage\junit-vintage-engine\5.4.2\junit-vintage-engine-5.4.2.jar;C:\Users\tmfpr\.m2\repository\junit\junit\4.12\junit-4.12.jar;C:\Users\tmfpr\.m2\repository\org\hamcrest\hamcrest-core\1.3\hamcrest-core-1.3.jar;"/>
    <property name="java.vm.vendor" value="Oracle Corporation"/>
    <property name="sun.arch.data.model" value="64"/>
    <property name="user.variant" value=""/>
    <property name="java.vendor.url" value="http://java.oracle.com/"/>
    <property name="user.timezone" value="Europe/Helsinki"/>
    <property name="user.country.format" value="UA"/>
    <property name="java.vm.specification.version" value="1.8"/>
    <property name="os.name" value="Windows 10"/>
    <property name="user.country" value="RU"/>
    <property name="sun.java.launcher" value="SUN_STANDARD"/>
    <property name="sun.boot.library.path" value="C:\Program Files\Java\jdk1.8.0_191\jre\bin"/>
    <property name="sun.java.command" value="C:\Users\tmfpr\AppData\Local\Temp\surefire7417673122787758125\surefirebooter6285009348813875223.jar C:\Users\tmfpr\AppData\Local\Temp\surefire7417673122787758125 2019-04-11T00-04-17_304-jvmRun1 surefire3975905691386829841tmp surefire_01213037922195982118tmp"/>
    <property name="surefire.test.class.path" value="H:\Projects\OPCBot_M\target\test-classes;H:\Projects\OPCBot_M\target\classes;C:\Users\tmfpr\.m2\repository\org\telegram\telegrambots\3.5\telegrambots-3.5.jar;C:\Users\tmfpr\.m2\repository\org\telegram\telegrambots-meta\3.5\telegrambots-meta-3.5.jar;C:\Users\tmfpr\.m2\repository\com\google\inject\guice\4.1.0\guice-4.1.0.jar;C:\Users\tmfpr\.m2\repository\javax\inject\javax.inject\1\javax.inject-1.jar;C:\Users\tmfpr\.m2\repository\aopalliance\aopalliance\1.0\aopalliance-1.0.jar;C:\Users\tmfpr\.m2\repository\com\google\guava\guava\19.0\guava-19.0.jar;C:\Users\tmfpr\.m2\repository\com\fasterxml\jackson\core\jackson-annotations\2.8.0\jackson-annotations-2.8.0.jar;C:\Users\tmfpr\.m2\repository\com\fasterxml\jackson\jaxrs\jackson-jaxrs-json-provider\2.8.7\jackson-jaxrs-json-provider-2.8.7.jar;C:\Users\tmfpr\.m2\repository\com\fasterxml\jackson\jaxrs\jackson-jaxrs-base\2.8.7\jackson-jaxrs-base-2.8.7.jar;C:\Users\tmfpr\.m2\repository\com\fasterxml\jackson\core\jackson-core\2.8.7\jackson-core-2.8.7.jar;C:\Users\tmfpr\.m2\repository\com\fasterxml\jackson\module\jackson-module-jaxb-annotations\2.8.7\jackson-module-jaxb-annotations-2.8.7.jar;C:\Users\tmfpr\.m2\repository\com\fasterxml\jackson\core\jackson-databind\2.8.7\jackson-databind-2.8.7.jar;C:\Users\tmfpr\.m2\repository\org\glassfish\jersey\media\jersey-media-json-jackson\2.25.1\jersey-media-json-jackson-2.25.1.jar;C:\Users\tmfpr\.m2\repository\org\glassfish\jersey\core\jersey-common\2.25.1\jersey-common-2.25.1.jar;C:\Users\tmfpr\.m2\repository\org\glassfish\jersey\bundles\repackaged\jersey-guava\2.25.1\jersey-guava-2.25.1.jar;C:\Users\tmfpr\.m2\repository\org\glassfish\hk2\osgi-resource-locator\1.0.1\osgi-resource-locator-1.0.1.jar;C:\Users\tmfpr\.m2\repository\org\glassfish\jersey\ext\jersey-entity-filtering\2.25.1\jersey-entity-filtering-2.25.1.jar;C:\Users\tmfpr\.m2\repository\org\glassfish\jersey\containers\jersey-container-grizzly2-http\2.25.1\jersey-container-grizzly2-http-2.25.1.jar;C:\Users\tmfpr\.m2\repository\org\glassfish\hk2\external\javax.inject\2.5.0-b32\javax.inject-2.5.0-b32.jar;C:\Users\tmfpr\.m2\repository\org\glassfish\grizzly\grizzly-http-server\2.3.28\grizzly-http-server-2.3.28.jar;C:\Users\tmfpr\.m2\repository\org\glassfish\grizzly\grizzly-http\2.3.28\grizzly-http-2.3.28.jar;C:\Users\tmfpr\.m2\repository\org\glassfish\grizzly\grizzly-framework\2.3.28\grizzly-framework-2.3.28.jar;C:\Users\tmfpr\.m2\repository\javax\ws\rs\javax.ws.rs-api\2.0.1\javax.ws.rs-api-2.0.1.jar;C:\Users\tmfpr\.m2\repository\org\glassfish\jersey\core\jersey-server\2.25.1\jersey-server-2.25.1.jar;C:\Users\tmfpr\.m2\repository\org\glassfish\jersey\core\jersey-client\2.25.1\jersey-client-2.25.1.jar;C:\Users\tmfpr\.m2\repository\org\glassfish\jersey\media\jersey-media-jaxb\2.25.1\jersey-media-jaxb-2.25.1.jar;C:\Users\tmfpr\.m2\repository\javax\annotation\javax.annotation-api\1.2\javax.annotation-api-1.2.jar;C:\Users\tmfpr\.m2\repository\org\glassfish\hk2\hk2-api\2.5.0-b32\hk2-api-2.5.0-b32.jar;C:\Users\tmfpr\.m2\repository\org\glassfish\hk2\hk2-utils\2.5.0-b32\hk2-utils-2.5.0-b32.jar;C:\Users\tmfpr\.m2\repository\org\glassfish\hk2\external\aopalliance-repackaged\2.5.0-b32\aopalliance-repackaged-2.5.0-b32.jar;C:\Users\tmfpr\.m2\repository\org\glassfish\hk2\hk2-locator\2.5.0-b32\hk2-locator-2.5.0-b32.jar;C:\Users\tmfpr\.m2\repository\org\javassist\javassist\3.20.0-GA\javassist-3.20.0-GA.jar;C:\Users\tmfpr\.m2\repository\javax\validation\validation-api\1.1.0.Final\validation-api-1.1.0.Final.jar;C:\Users\tmfpr\.m2\repository\org\json\json\20160810\json-20160810.jar;C:\Users\tmfpr\.m2\repository\org\apache\httpcomponents\httpclient\4.5.3\httpclient-4.5.3.jar;C:\Users\tmfpr\.m2\repository\org\apache\httpcomponents\httpcore\4.4.6\httpcore-4.4.6.jar;C:\Users\tmfpr\.m2\repository\commons-logging\commons-logging\1.2\commons-logging-1.2.jar;C:\Users\tmfpr\.m2\repository\commons-codec\commons-codec\1.9\commons-codec-1.9.jar;C:\Users\tmfpr\.m2\repository\org\apache\httpcomponents\httpmime\4.5.3\httpmime-4.5.3.jar;C:\Users\tmfpr\.m2\repository\commons-io\commons-io\2.5\commons-io-2.5.jar;C:\Users\tmfpr\.m2\repository\org\jsoup\jsoup\1.10.2\jsoup-1.10.2.jar;C:\Users\tmfpr\.m2\repository\org\postgresql\postgresql\42.2.5\postgresql-42.2.5.jar;C:\Users\tmfpr\.m2\repository\org\junit\platform\junit-platform-launcher\1.4.2\junit-platform-launcher-1.4.2.jar;C:\Users\tmfpr\.m2\repository\org\apiguardian\apiguardian-api\1.0.0\apiguardian-api-1.0.0.jar;C:\Users\tmfpr\.m2\repository\org\junit\platform\junit-platform-engine\1.4.2\junit-platform-engine-1.4.2.jar;C:\Users\tmfpr\.m2\repository\org\opentest4j\opentest4j\1.1.1\opentest4j-1.1.1.jar;C:\Users\tmfpr\.m2\repository\org\junit\platform\junit-platform-commons\1.4.2\junit-platform-commons-1.4.2.jar;C:\Users\tmfpr\.m2\repository\org\junit\jupiter\junit-jupiter-engine\5.4.2\junit-jupiter-engine-5.4.2.jar;C:\Users\tmfpr\.m2\repository\org\junit\jupiter\junit-jupiter-api\5.4.2\junit-jupiter-api-5.4.2.jar;C:\Users\tmfpr\.m2\repository\org\junit\vintage\junit-vintage-engine\5.4.2\junit-vintage-engine-5.4.2.jar;C:\Users\tmfpr\.m2\repository\junit\junit\4.12\junit-4.12.jar;C:\Users\tmfpr\.m2\repository\org\hamcrest\hamcrest-core\1.3\hamcrest-core-1.3.jar;"/>
    <property name="sun.cpu.endian" value="little"/>
    <property name="user.home" value="C:\Users\tmfpr"/>
    <property name="user.language" value="ru"/>
    <property name="java.specification.vendor" value="Oracle Corporation"/>
    <property name="java.home" value="C:\Program Files\Java\jdk1.8.0_191\jre"/>
    <property name="basedir" value="H:\Projects\OPCBot_M"/>
    <property name="file.separator" value="\"/>
    <property name="line.separator" value="&#10;"/>
    <property name="java.vm.specification.vendor" value="Oracle Corporation"/>
    <property name="java.specification.name" value="Java Platform API Specification"/>
    <property name="java.awt.graphicsenv" value="sun.awt.Win32GraphicsEnvironment"/>
    <property name="surefire.real.class.path" value="C:\Users\tmfpr\AppData\Local\Temp\surefire7417673122787758125\surefirebooter6285009348813875223.jar"/>
    <property name="sun.boot.class.path" value="C:\Program Files\Java\jdk1.8.0_191\jre\lib\resources.jar;C:\Program Files\Java\jdk1.8.0_191\jre\lib\rt.jar;C:\Program Files\Java\jdk1.8.0_191\jre\lib\sunrsasign.jar;C:\Program Files\Java\jdk1.8.0_191\jre\lib\jsse.jar;C:\Program Files\Java\jdk1.8.0_191\jre\lib\jce.jar;C:\Program Files\Java\jdk1.8.0_191\jre\lib\charsets.jar;C:\Program Files\Java\jdk1.8.0_191\jre\lib\jfr.jar;C:\Program Files\Java\jdk1.8.0_191\jre\classes"/>
    <property name="user.script" value=""/>
    <property name="sun.management.compiler" value="HotSpot 64-Bit Tiered Compilers"/>
    <property name="java.runtime.version" value="1.8.0_191-b12"/>
    <property name="user.name" value="tmfpr"/>
    <property name="path.separator" value=";"/>
    <property name="os.version" value="10.0"/>
    <property name="java.endorsed.dirs" value="C:\Program Files\Java\jdk1.8.0_191\jre\lib\endorsed"/>
    <property name="java.runtime.name" value="Java(TM) SE Runtime Environment"/>
    <property name="file.encoding" value="Cp1251"/>
    <property name="java.vm.name" value="Java HotSpot(TM) 64-Bit Server VM"/>
    <property name="localRepository" value="C:\Users\tmfpr\.m2\repository"/>
    <property name="java.vendor.url.bug" value="http://bugreport.sun.com/bugreport/"/>
    <property name="java.io.tmpdir" value="C:\Users\tmfpr\AppData\Local\Temp\"/>
    <property name="idea.version" value="2018.3.3"/>
    <property name="java.version" value="1.8.0_191"/>
    <property name="user.dir" value="H:\Projects\OPCBot_M"/>
    <property name="os.arch" value="amd64"/>
    <property name="java.vm.specification.name" value="Java Virtual Machine Specification"/>
    <property name="java.awt.printerjob" value="sun.awt.windows.WPrinterJob"/>
    <property name="sun.os.patch.level" value=""/>
    <property name="java.library.path" value="C:\Program Files\Java\jdk1.8.0_191\jre\bin;C:\Windows\Sun\Java\bin;C:\Windows\system32;C:\Windows;H:\Program Files\Python37\Scripts\;H:\Program Files\Python37\;C:\Program Files (x86)\Intel\Intel(R) Management Engine Components\iCLS\;C:\Program Files\Intel\Intel(R) Management Engine Components\iCLS\;C:\Windows\system32;C:\Windows;C:\Windows\System32\Wbem;C:\Windows\System32\WindowsPowerShell\v1.0\;C:\Windows\System32\OpenSSH\;C:\Program Files (x86)\NVIDIA Corporation\PhysX\Common;C:\Program Files (x86)\Intel\Intel(R) Management Engine Components\DAL;C:\Program Files\Intel\Intel(R) Management Engine Components\DAL;C:\Program Files (x86)\Intel\Intel(R) Management Engine Components\IPT;C:\Program Files\Intel\Intel(R) Management Engine Components\IPT;H:\Program Files\Git\cmd;C:\Program Files\NVIDIA Corporation\NVIDIA NvDLISR;C:\Program Files\apache-maven-3.6.0\bin;C:\Program Files\Java\jdk-11.0.1\bin;;H:\Projects\PostgreSQL\pg11\bin;C:\Users\tmfpr\AppData\Local\Microsoft\WindowsApps;C:\Program Files\heroku\bin;."/>
    <property name="java.vm.info" value="mixed mode"/>
    <property name="java.vendor" value="Oracle Corporation"/>
    <property name="java.vm.version" value="25.191-b12"/>
    <property name="java.ext.dirs" value="C:\Program Files\Java\jdk1.8.0_191\jre\lib\ext;C:\Windows\Sun\Java\lib\ext"/>
    <property name="sun.io.unicode.encoding" value="UnicodeLittle"/>
    <property name="java.class.version" value="52.0"/>
  </properties>
  <testcase name="dynamicTestsWithCollection[1]" classname="CalcTest.SubsLauncherTest" time="0.003"/>
  <testcase name="dynamicTestsWithCollection[2]" classname="CalcTest.SubsLauncherTest" time="0"/>
  <testcase name="dynamicTestsWithCollection[3]" classname="CalcTest.SubsLauncherTest" time="0"/>
  <testcase name="dynamicTestsWithCollection[4]" classname="CalcTest.SubsLauncherTest" time="0"/>
</testsuite>